Report       : conflict fw 0
Date         : 03-10-2013
Time         : 12:52:51

Compiler     : BASCOM-AVR LIBRARY V 2.0.7.5
Processor    : XM32A4
SRAM         : 1000 hex
EEPROM       : 400 hex
ROMSIZE      : 9000 hex

ROMIMAGE     : 6534 hex  -> Will fit into ROM
ROMIMAGE     :  25908 dec
FLASH USED   :  70  %
UART2        :   1.00 % ERROR
XTAL         : 32000000 Hz

Stack start  : 2FFF hex
Stack size   : A0 hex
S-Stacksize  : A0 hex
S-Stackstart : 2F60 hex
Framesize    : A0 hex
Framestart   : 2E20 hex
Space left   :  2497  dec

LCD DB7      : PORTC.5
LCD DB6      : PORTC.4
LCD DB5      : PORTC.3
LCD DB4      : PORTC.2
LCD E        : PORTB.2
LCD RS       : PORTB.3
LCD mode     :  4  bit

--------------------------------------------------------------------------------
Variable                         Type            Address(hex)   Address(dec)
--------------------------------------------------------------------------------
DACA0                            Word              0318          792 
DACA1                            Word              031A          794 
DACB0                            Word              0338          824 
DACB1                            Word              033A          826 
ADCA_CALIB                       Word              020C          524 
ADCA_CH0RES                      Word              0210          528 
ADCA_CH1RES                      Word              0212          530 
ADCA_CH2RES                      Word              0214          532 
ADCA_CH3RES                      Word              0216          534 
ADCA_CMP                         Word              0218          536 
ADCA_CH0_RES                     Word              0224          548 
ADCA_CH1_RES                     Word              022C          556 
ADCA_CH2_RES                     Word              0234          564 
ADCA_CH3_RES                     Word              023C          572 
ADCB_CALIB                       Word              024C          588 
ADCB_CH0RES                      Word              0250          592 
ADCB_CH1RES                      Word              0252          594 
ADCB_CH2RES                      Word              0254          596 
ADCB_CH3RES                      Word              0256          598 
ADCB_CMP                         Word              0258          600 
ADCB_CH0_RES                     Word              0264          612 
ADCB_CH1_RES                     Word              026C          620 
ADCB_CH2_RES                     Word              0274          628 
ADCB_CH3_RES                     Word              027C          636 
TCC0_CNT                         Word              0820          2080 
TCC0_PER                         Word              0826          2086 
TCC0_CCA                         Word              0828          2088 
TCC0_CCB                         Word              082A          2090 
TCC0_CCC                         Word              082C          2092 
TCC0_CCD                         Word              082E          2094 
TCC0_PERBUF                      Word              0836          2102 
TCC0_CCABUF                      Word              0838          2104 
TCC0_CCBBUF                      Word              083A          2106 
TCC0_CCCBUF                      Word              083C          2108 
TCC0_CCDBUF                      Word              083E          2110 
TCC1_CNT                         Word              0860          2144 
TCC1_PER                         Word              0866          2150 
TCC1_CCA                         Word              0868          2152 
TCC1_CCB                         Word              086A          2154 
TCC1_PERBUF                      Word              0876          2166 
TCC1_CCABUF                      Word              0878          2168 
TCC1_CCBBUF                      Word              087A          2170 
TCD0_CNT                         Word              0920          2336 
TCD0_PER                         Word              0926          2342 
TCD0_CCA                         Word              0928          2344 
TCD0_CCB                         Word              092A          2346 
TCD0_CCC                         Word              092C          2348 
TCD0_CCD                         Word              092E          2350 
TCD0_PERBUF                      Word              0936          2358 
TCD0_CCABUF                      Word              0938          2360 
TCD0_CCBBUF                      Word              093A          2362 
TCD0_CCCBUF                      Word              093C          2364 
TCD0_CCDBUF                      Word              093E          2366 
TCD1_CNT                         Word              0960          2400 
TCD1_PER                         Word              0966          2406 
TCD1_CCA                         Word              0968          2408 
TCD1_CCB                         Word              096A          2410 
TCD1_PERBUF                      Word              0976          2422 
TCD1_CCABUF                      Word              0978          2424 
TCD1_CCBBUF                      Word              097A          2426 
TCE0_CNT                         Word              0A20          2592 
TCE0_PER                         Word              0A26          2598 
TCE0_CCA                         Word              0A28          2600 
TCE0_CCB                         Word              0A2A          2602 
TCE0_CCC                         Word              0A2C          2604 
TCE0_CCD                         Word              0A2E          2606 
TCE0_PERBUF                      Word              0A36          2614 
TCE0_CCABUF                      Word              0A38          2616 
TCE0_CCBBUF                      Word              0A3A          2618 
TCE0_CCCBUF                      Word              0A3C          2620 
TCE0_CCDBUF                      Word              0A3E          2622 
TCE1_CNT                         Word              0A60          2656 
TCE1_PER                         Word              0A66          2662 
TCE1_CCA                         Word              0A68          2664 
TCE1_CCB                         Word              0A6A          2666 
TCE1_PERBUF                      Word              0A76          2678 
TCE1_CCABUF                      Word              0A78          2680 
TCE1_CCBBUF                      Word              0A7A          2682 
TCF0_CNT                         Word              0B20          2848 
TCF0_PER                         Word              0B26          2854 
TCF0_CCA                         Word              0B28          2856 
TCF0_CCB                         Word              0B2A          2858 
TCF0_CCC                         Word              0B2C          2860 
TCF0_CCD                         Word              0B2E          2862 
TCF0_PERBUF                      Word              0B36          2870 
TCF0_CCABUF                      Word              0B38          2872 
TCF0_CCBBUF                      Word              0B3A          2874 
TCF0_CCCBUF                      Word              0B3C          2876 
TCF0_CCDBUF                      Word              0B3E          2878 
TCF1_CNT                         Word              0B60          2912 
TCF1_PER                         Word              0B66          2918 
TCF1_CCA                         Word              0B68          2920 
TCF1_CCB                         Word              0B6A          2922 
TCF1_PERBUF                      Word              0B76          2934 
TCF1_CCABUF                      Word              0B78          2936 
TCF1_CCBBUF                      Word              0B7A          2938 
SP                               Word              003D          61 
RTC_CNT                          Word              0408          1032 
RTC_PER                          Word              040A          1034 
RTC_COMP                         Word              040C          1036 
DMA_CH0_TRFCNT                   Word              0114          276 
DMA_CH1_TRFCNT                   Word              0124          292 
DMA_CH2_TRFCNT                   Word              0134          308 
DMA_CH3_TRFCNT                   Word              0144          324 
DMA_CH0_SRCADDR                                    0118          280 
DMA_CH0_DESTADDR                                   011C          284 
DMA_CH1_SRCADDR                                    0128          296 
DMA_CH1_DESTADDR                                   012C          300 
DMA_CH2_SRCADDR                                    0138          312 
DMA_CH2_DESTADDR                                   013C          316 
DMA_CH3_SRCADDR                                    0148          328 
DMA_CH3_DESTADDR                                   014C          332 
HWSTACK                          Word              003D          61 
SWSTACK                          Word              001C          28 
FRAME                            Word              0004          4 
ERR                              Bit               0006          6 
GUI_VERSION                      Byte              2028          8232 
SCREEN                           Byte              2029          8233 
TEMPMASK                         Long              202A          8234 
TEMP_CTR                         Byte              202E          8238 
ZEILEN_CTR                       Byte              202F          8239 
TEMP_CTR1                        Byte              2030          8240 
TEMP_CTR2                        Byte              2031          8241 
TEMP_CTR3                        Byte              2032          8242 
CTR                              Byte              2033          8243 
TEMPERATUREN                     Byte (24)         2034          8244 
NAME_T                           String (24)       204C          8268 
TE                               Byte (8)          20C4          8388 
GUELTIGKEIT                      Byte              20CC          8396 
LED_STATUS                       Byte              20CD          8397 
LED_HELP                         Byte              20CE          8398 
LED                              Byte (3)          20CF          8399 
LCD_CONTRAST                     Byte              20D2          8402 
TEMPVAR_1                        Byte              20D3          8403 
TEMPVAR_2                        Byte              20D4          8404 
SHOW                             Byte (3)          20D5          8405 
SHOW_DFM                         Byte              20D8          8408 
SHOW_AIDA                        Byte              20D9          8409 
TEMP_BYTE                        Byte              20DA          8410 
TEMP_BYTE2                       Byte              20DB          8411 
TEMP_WORD                        Word              20DC          8412 
TEMP_SINGLE                      Single            20DE          8414 
TEMP_LONG                        Long              20E2          8418 
TEMP_LONG2                       Long              20E6          8422 
TEMP_LONG3                       Long              20EA          8426 
TEMP_4$                          String            20EE          8430 
TEMP_INTERRUPT                   Byte              20F3          8435 
TIMECTR                          Byte              20F4          8436 
TIMETICKS                        Byte              20F5          8437 
TIMECTR2                         Byte              20F6          8438 
ANALOG_STATUS                    Byte              20F7          8439 
ANALOG_MIN                       Byte              20F8          8440 
ANALOG_ANLAUF                    Byte              20F9          8441 
ANALOG_ANLAUF_T                  Byte              20FA          8442 
ANALOG_ANLAUF_SCHWELLE           Byte              20FB          8443 
ANALOG_MAN                       Byte              20FC          8444 
MIN_A_T                          Byte (24)         20FD          8445 
MAX_A_T                          Byte (24)         2115          8469 
KUEHLUNG_ANALOG                  Byte              212D          8493 
ANALOG_SPANNUNG                  Byte              212E          8494 
F_AUS_AUTO                       Byte              212F          8495 
F1_STATUS                        Byte              2130          8496 
F1_MIN                           Byte              2131          8497 
F1_ANLAUF                        Byte              2132          8498 
F1_ANLAUF_T                      Byte              2133          8499 
F1_ANLAUF_SCHWELLE               Byte              2134          8500 
MANUELL1                         Byte              2135          8501 
MIN1_T                           Byte (24)         2136          8502 
MAX1_T                           Byte (24)         214E          8526 
KUEHLUNG1                        Byte              2166          8550 
F2_STATUS                        Byte              2167          8551 
F2_MIN                           Byte              2168          8552 
F2_ANLAUF                        Byte              2169          8553 
F2_ANLAUF_T                      Byte              216A          8554 
F2_ANLAUF_SCHWELLE               Byte              216B          8555 
MANUELL2                         Byte              216C          8556 
MIN2_T                           Byte (24)         216D          8557 
MAX2_T                           Byte (24)         2185          8581 
KUEHLUNG2                        Byte              219D          8605 
F3_STATUS                        Byte              219E          8606 
F3_MIN                           Byte              219F          8607 
F3_ANLAUF                        Byte              21A0          8608 
F3_ANLAUF_T                      Byte              21A1          8609 
F3_ANLAUF_SCHWELLE               Byte              21A2          8610 
MANUELL3                         Byte              21A3          8611 
MIN3_T                           Byte (24)         21A4          8612 
MAX3_T                           Byte (24)         21BC          8636 
KUEHLUNG3                        Byte              21D4          8660 
ALARM_SETUP                      Byte              21D5          8661 
ALARM_STATUS                     Byte              21D6          8662 
ALARM_ENABLE                     Bit               21D7          8663 
DFM_IMP                          Word              21D8          8664 
DFM_CTR                          Byte              21DA          8666 
DFM_AVERAGE                      Byte (10)         21DB          8667 
CV_DFM                           Word              21E5          8677 
CV_DFM_L                         Byte              21E5          8677 
CV_DFM_H                         Byte              21E6          8678 
CV_DFM_ALT                       Word              21E7          8679 
CV_DFM_ALT_L                     Byte              21E7          8679 
CV_DFM_ALT_H                     Byte              21E8          8680 
CV_FAN1                          Word              21E9          8681 
CV_FAN1_L                        Byte              21E9          8681 
CV_FAN1_H                        Byte              21EA          8682 
CV_FAN1_ALT                      Word              21EB          8683 
CV_FAN1_ALT_L                    Byte              21EB          8683 
CV_FAN1_ALT_H                    Byte              21EC          8684 
CV_FAN2                          Word              21ED          8685 
CV_FAN2_L                        Byte              21ED          8685 
CV_FAN2_H                        Byte              21EE          8686 
CV_FAN2_ALT                      Word              21EF          8687 
CV_FAN2_ALT_L                    Byte              21EF          8687 
CV_FAN2_ALT_H                    Byte              21F0          8688 
CV_FAN3                          Word              21F1          8689 
CV_FAN3_L                        Byte              21F1          8689 
CV_FAN3_H                        Byte              21F2          8690 
CV_FAN3_ALT                      Word              21F3          8691 
CV_FAN3_ALT_L                    Byte              21F3          8691 
CV_FAN3_ALT_H                    Byte              21F4          8692 
DURCHFLUSS                       Word              21F5          8693 
DURCHFLUSS_ALARM                 Word              21F7          8695 
TACHO1                           Word              21F9          8697 
TACHO2                           Word              21FB          8699 
TACHO3                           Word              21FD          8701 
CPU_TAKT_$                       String            21FF          8703 
CPU_AUSLASTUNG_$                 String            2204          8708 
GPU_AUSLASTUNG_$                 String            2208          8712 
RAM_AUSLASTUNG_$                 String            220C          8716 
TASTER_LINKS_CTR                 Byte              2210          8720 
TASTER_RECHTS_CTR                Byte              2211          8721 
1_WIREANZAHL                     Word              2212          8722 
ADR_T                            Byte (64)         2214          8724 
COM_R_CTR                        Byte              2254          8788 
COM_R                            String            2255          8789 
DATENWORT                        String (51)       2353          9043 
TE_E                             EEPROM Byte (8)   0000          0 
SHOW_E                           EEPROM Byte (3)   0008          8 
SHOW_DFM_E                       EEPROM Byte       000B          11 
ANALOG_MIN_E                     EEPROM Byte       000C          12 
ANALOG_ANLAUF_E                  EEPROM Byte       000D          13 
ANALOG_ANLAUF_SCHWELLE_E         EEPROM Byte       000E          14 
ANALOG_MAN_E                     EEPROM Byte       000F          15 
MIN_A_T_E                        EEPROM Byte (24)  0010          16 
MAX_A_T_E                        EEPROM Byte (24)  0028          40 
F1_MIN_E                         EEPROM Byte       0040          64 
F1_ANLAUF_E                      EEPROM Byte       0041          65 
F1_ANLAUF_SCHWELLE_E             EEPROM Byte       0042          66 
MANUELL1_E                       EEPROM Byte       0043          67 
MIN1_T_E                         EEPROM Byte (24)  0044          68 
MAX1_T_E                         EEPROM Byte (24)  005C          92 
F2_MIN_E                         EEPROM Byte       0074          116 
F2_ANLAUF_E                      EEPROM Byte       0075          117 
F2_ANLAUF_SCHWELLE_E             EEPROM Byte       0076          118 
MANUELL2_E                       EEPROM Byte       0077          119 
MIN2_T_E                         EEPROM Byte (24)  0078          120 
MAX2_T_E                         EEPROM Byte (24)  0090          144 
F3_MIN_E                         EEPROM Byte       00A8          168 
F3_ANLAUF_E                      EEPROM Byte       00A9          169 
F3_ANLAUF_SCHWELLE_E             EEPROM Byte       00AA          170 
MANUELL3_E                       EEPROM Byte       00AB          171 
MIN3_T_E                         EEPROM Byte (24)  00AC          172 
MAX3_T_E                         EEPROM Byte (24)  00C4          196 
F_AUS_AUTO_E                     EEPROM Byte       00DC          220 
LCD_CONTRAST_E                   EEPROM Byte       00DD          221 
LED_BACK_E                       EEPROM Byte       00DE          222 
NAME_T_E                         EEPROM String (24)00DF          223 
DFM_IMP_E                        EEPROM Word       0157          343 
LED_STATUS_E                     EEPROM Byte       0159          345 
LED_E                            EEPROM Byte (3)   015A          346 
ALARM_SETUP_E                    EEPROM Byte       015D          349 
DURCHFLUSS_ALARM_E               EEPROM Word       015E          350 

--------------------------------------------------------------------------------
Constant                         Value
--------------------------------------------------------------------------------
SREG                             &H3F
SPH                              &H3E
SPL                              &H3D
EIND                             &H3C
RAMPZ                            &H3B
RAMPY                            &H3A
RAMPX                            &H39
RAMPD                            &H38
CPU_CCP                          &H34
OCD_OCDR1                        47
OCD_OCDR0                        46
GPIO_GPIOF                       15
GPIO_GPIOE                       14
GPIO_GPIOD                       13
GPIO_GPIOC                       12
GPIO_GPIOB                       11
GPIO_GPIOA                       10
GPIO_GPIO9                       9
GPIO_GPIO8                       8
GPIO_GPIO7                       7
GPIO_GPIO6                       6
GPIO_GPIO5                       5
GPIO_GPIO4                       4
GPIO_GPIO3                       3
GPIO_GPIO2                       2
GPIO_GPIO1                       1
GPIO_GPIO0                       0
CLK_CTRL                         64
CLK_PSCTRL                       65
CLK_LOCK                         66
CLK_RTCCTRL                      67
SLEEP_CTRL                       72
OSC_CTRL                         80
OSC_STATUS                       81
OSC_XOSCCTRL                     82
OSC_XOSCFAIL                     83
OSC_RC32KCAL                     84
OSC_PLLCTRL                      85
OSC_DFLLCTRL                     86
DFLLRC32M_CTRL                   96
DFLLRC32M_CALA                   98
DFLLRC32M_CALB                   99
DFLLRC32M_OSCCNT0                100
DFLLRC32M_OSCCNT1                101
DFLLRC32M_OSCCNT2                102
DFLLRC2M_CTRL                    104
DFLLRC2M_CALA                    106
DFLLRC2M_CALB                    107
DFLLRC2M_OSCCNT0                 108
DFLLRC2M_OSCCNT1                 109
DFLLRC2M_OSCCNT2                 110
PR_PR                            112
PR_PRPA                          113
PR_PRPB                          114
PR_PRPC                          115
PR_PRPD                          116
PR_PRPE                          117
PR_PRPF                          118
RST_STATUS                       120
RST_CTRL                         121
WDT_CTRL                         128
WDT_WINCTRL                      129
WDT_STATUS                       130
MCU_DEVID0                       144
MCU_DEVID1                       145
MCU_DEVID2                       146
MCU_REVID                        147
MCU_JTAGUID                      148
MCU_MCUCR                        150
MCU_EVSYSLOCK                    152
MCU_AWEXLOCK                     153
PMIC_STATUS                      160
PMIC_INTPRI                      161
PMIC_CTRL                        162
DMA_CTRL                         256
DMA_INTFLAGS                     259
DMA_STATUS                       260
DMA_TEMP                         262
DMA_CH0_CTRLA                    272
DMA_CH0_CTRLB                    273
DMA_CH0_ADDRCTRL                 274
DMA_CH0_TRIGSRC                  275
DMA_CH0_REPCNT                   278
DMA_CH0_SRCADDR0                 280
DMA_CH0_SRCADDR1                 281
DMA_CH0_SRCADDR2                 282
DMA_CH0_DESTADDR0                284
DMA_CH0_DESTADDR1                285
DMA_CH0_DESTADDR2                286
DMA_CH1_CTRLA                    288
DMA_CH1_CTRLB                    289
DMA_CH1_ADDRCTRL                 290
DMA_CH1_TRIGSRC                  291
DMA_CH1_REPCNT                   294
DMA_CH1_SRCADDR0                 296
DMA_CH1_SRCADDR1                 297
DMA_CH1_SRCADDR2                 298
DMA_CH1_DESTADDR0                300
DMA_CH1_DESTADDR1                301
DMA_CH1_DESTADDR2                302
DMA_CH2_CTRLA                    304
DMA_CH2_CTRLB                    305
DMA_CH2_ADDRCTRL                 306
DMA_CH2_TRIGSRC                  307
DMA_CH2_REPCNT                   310
DMA_CH2_SRCADDR0                 312
DMA_CH2_SRCADDR1                 313
DMA_CH2_SRCADDR2                 314
DMA_CH2_DESTADDR0                316
DMA_CH2_DESTADDR1                317
DMA_CH2_DESTADDR2                318
DMA_CH3_CTRLA                    320
DMA_CH3_CTRLB                    321
DMA_CH3_ADDRCTRL                 322
DMA_CH3_TRIGSRC                  323
DMA_CH3_REPCNT                   326
DMA_CH3_SRCADDR0                 328
DMA_CH3_SRCADDR1                 329
DMA_CH3_SRCADDR2                 330
DMA_CH3_DESTADDR0                332
DMA_CH3_DESTADDR1                333
DMA_CH3_DESTADDR2                334
EVSYS_CH0MUX                     384
EVSYS_CH1MUX                     385
EVSYS_CH2MUX                     386
EVSYS_CH3MUX                     387
EVSYS_CH4MUX                     388
EVSYS_CH5MUX                     389
EVSYS_CH6MUX                     390
EVSYS_CH7MUX                     391
EVSYS_CH0CTRL                    392
EVSYS_CH1CTRL                    393
EVSYS_CH2CTRL                    394
EVSYS_CH3CTRL                    395
EVSYS_CH4CTRL                    396
EVSYS_CH5CTRL                    397
EVSYS_CH6CTRL                    398
EVSYS_CH7CTRL                    399
EVSYS_STROBE                     400
EVSYS_DATA                       401
NVM_ADDR0                        448
NVM_ADDR1                        449
NVM_ADDR2                        450
NVM_DATA0                        452
NVM_DATA1                        453
NVM_DATA2                        454
NVM_CMD                          458
NVM_CTRLA                        459
NVM_CTRLB                        460
NVM_INTCTRL                      461
NVM_STATUS                       463
NVM_LOCKBITS                     464
ACA_AC0CTRL                      896
ACA_AC1CTRL                      897
ACA_AC0MUXCTRL                   898
ACA_AC1MUXCTRL                   899
ACA_CTRLA                        900
ACA_CTRLB                        901
ACA_WINCTRL                      902
ACA_STATUS                       903
ACB_AC0CTRL                      912
ACB_AC1CTRL                      913
ACB_AC0MUXCTRL                   914
ACB_AC1MUXCTRL                   915
ACB_CTRLA                        916
ACB_CTRLB                        917
ACB_WINCTRL                      918
ACB_STATUS                       919
ADCA_CTRLA                       512
ADCA_CTRLB                       513
ADCA_REFCTRL                     514
ADCA_EVCTRL                      515
ADCA_PRESCALER                   516
ADCA_CALCTRL                     517
ADCA_INTFLAGS                    518
ADCA_TEMP                        519
ADCA_CALL                        524
ADCA_CALH                        525
ADCA_CH0RESL                     528
ADCA_CH0RESH                     529
ADCA_CH1RESL                     530
ADCA_CH1RESH                     531
ADCA_CH2RESL                     532
ADCA_CH2RESH                     533
ADCA_CH3RESL                     534
ADCA_CH3RESH                     535
ADCA_CMPL                        536
ADCA_CMPH                        537
ADCA_CH0_CTRL                    544
ADCA_CH0_MUXCTRL                 545
ADCA_CH0_INTCTRL                 546
ADCA_CH0_INTFLAGS                547
ADCA_CH0_RESL                    548
ADCA_CH0_RESH                    549
ADCA_CH1_CTRL                    552
ADCA_CH1_MUXCTRL                 553
ADCA_CH1_INTCTRL                 554
ADCA_CH1_INTFLAGS                555
ADCA_CH1_RESL                    556
ADCA_CH1_RESH                    557
ADCA_CH2_CTRL                    560
ADCA_CH2_MUXCTRL                 561
ADCA_CH2_INTCTRL                 562
ADCA_CH2_INTFLAGS                563
ADCA_CH2_RESL                    564
ADCA_CH2_RESH                    565
ADCA_CH3_CTRL                    568
ADCA_CH3_MUXCTRL                 569
ADCA_CH3_INTCTRL                 570
ADCA_CH3_INTFLAGS                571
ADCA_CH3_RESL                    572
ADCA_CH3_RESH                    573
ADCB_CTRLA                       576
ADCB_CTRLB                       577
ADCB_REFCTRL                     578
ADCB_EVCTRL                      579
ADCB_PRESCALER                   580
ADCB_CALCTRL                     581
ADCB_INTFLAGS                    582
ADCB_TEMP                        583
ADCB_CALL                        588
ADCB_CALH                        589
ADCB_CH0RESL                     592
ADCB_CH0RESH                     593
ADCB_CH1RESL                     594
ADCB_CH1RESH                     595
ADCB_CH2RESL                     596
ADCB_CH2RESH                     597
ADCB_CH3RESL                     598
ADCB_CH3RESH                     599
ADCB_CMPL                        600
ADCB_CMPH                        601
ADCB_CH0_CTRL                    608
ADCB_CH0_MUXCTRL                 609
ADCB_CH0_INTCTRL                 610
ADCB_CH0_INTFLAGS                611
ADCB_CH0_RESL                    612
ADCB_CH0_RESH                    613
ADCB_CH1_CTRL                    616
ADCB_CH1_MUXCTRL                 617
ADCB_CH1_INTCTRL                 618
ADCB_CH1_INTFLAGS                619
ADCB_CH1_RESL                    620
ADCB_CH1_RESH                    621
ADCB_CH2_CTRL                    624
ADCB_CH2_MUXCTRL                 625
ADCB_CH2_INTCTRL                 626
ADCB_CH2_INTFLAGS                627
ADCB_CH2_RESL                    628
ADCB_CH2_RESH                    629
ADCB_CH3_CTRL                    632
ADCB_CH3_MUXCTRL                 633
ADCB_CH3_INTCTRL                 634
ADCB_CH3_INTFLAGS                635
ADCB_CH3_RESL                    636
ADCB_CH3_RESH                    637
DACA_CTRLA                       768
DACA_CTRLB                       769
DACA_CTRLC                       770
DACA_EVCTRL                      771
DACA_TIMCTRL                     772
DACA_STATUS                      773
DACA_GAINCAL                     776
DACA_OFFSETCAL                   777
DACA_CH0DATA                     792
DACA_CH0DATAL                    792
DACA_CH0DATAH                    793
DACA_CH1DATA                     794
DACA_CH1DATAL                    794
DACA_CH1DATAH                    795
DACB_CTRLA                       800
DACB_CTRLB                       801
DACB_CTRLC                       802
DACB_EVCTRL                      803
DACB_TIMCTRL                     804
DACB_STATUS                      805
DACB_GAINCAL                     808
DACB_OFFSETCAL                   809
DACB_CH0DATA                     824
DACB_CH1DATA                     826
RTC_CTRL                         1024
RTC_STATUS                       1025
RTC_INTCTRL                      1026
RTC_INTFLAGS                     1027
RTC_TEMP                         1028
TWIC_CTRL                        1152
TWIC_MASTER_CTRLA                1153
TWIC_MASTER_CTRLB                1154
TWIC_MASTER_CTRLC                1155
TWIC_MASTER_STATUS               1156
TWIC_MASTER_BAUD                 1157
TWIC_MASTER_ADDR                 1158
TWIC_MASTER_DATA                 1159
TWIC_SLAVE_CTRLA                 1160
TWIC_SLAVE_CTRLB                 1161
TWIC_SLAVE_STATUS                1162
TWIC_SLAVE_ADDR                  1163
TWIC_SLAVE_DATA                  1164
TWID_CTRL                        1168
TWID_MASTER_CTRLA                1169
TWID_MASTER_CTRLB                1170
TWID_MASTER_CTRLC                1171
TWID_MASTER_STATUS               1172
TWID_MASTER_BAUD                 1173
TWID_MASTER_ADDR                 1174
TWID_MASTER_DATA                 1175
TWID_SLAVE_CTRLA                 1176
TWID_SLAVE_CTRLB                 1177
TWID_SLAVE_STATUS                1178
TWID_SLAVE_ADDR                  1179
TWID_SLAVE_DATA                  1180
TWIE_CTRL                        1184
TWIE_MASTER_CTRLA                1185
TWIE_MASTER_CTRLB                1186
TWIE_MASTER_CTRLC                1187
TWIE_MASTER_STATUS               1188
TWIE_MASTER_BAUD                 1189
TWIE_MASTER_ADDR                 1190
TWIE_MASTER_DATA                 1191
TWIE_SLAVE_CTRLA                 1192
TWIE_SLAVE_CTRLB                 1193
TWIE_SLAVE_STATUS                1194
TWIE_SLAVE_ADDR                  1195
TWIE_SLAVE_DATA                  1196
TWIF_CTRL                        1200
TWIF_MASTER_CTRLA                1201
TWIF_MASTER_CTRLB                1202
TWIF_MASTER_CTRLC                1203
TWIF_MASTER_STATUS               1204
TWIF_MASTER_BAUD                 1205
TWIF_MASTER_ADDR                 1206
TWIF_MASTER_DATA                 1207
TWIF_SLAVE_CTRLA                 1208
TWIF_SLAVE_CTRLB                 1209
TWIF_SLAVE_STATUS                1210
TWIF_SLAVE_ADDR                  1211
TWIF_SLAVE_DATA                  1212
PORTCFG_MPCMASK                  176
PORTCFG_VPCTRLA                  178
PORTCFG_VPCTRLB                  179
PORTCFG_CLKEVOUT                 180
VPORT0_DIR                       16
VPORT0_OUT                       17
VPORT0_IN                        18
VPORT0_INTFLAGS                  19
VPORT1_DIR                       20
VPORT1_OUT                       21
VPORT1_IN                        22
VPORT1_INTFLAGS                  23
VPORT2_DIR                       24
VPORT2_OUT                       25
VPORT2_IN                        26
VPORT2_INTFLAGS                  27
VPORT3_DIR                       28
VPORT3_OUT                       29
VPORT3_IN                        30
VPORT3_INTFLAGS                  31
DDR0                             16
PORT0                            17
PIN0                             18
DDR1                             20
PORT1                            21
PIN1                             22
DDR2                             24
PORT2                            25
PIN2                             26
DDR3                             28
PORT3                            29
PIN3                             30
DDRA                             1536
PORTA                            1540
PINA                             1544
PORTA_DIR                        1536
PORTA_DIRSET                     1537
PORTA_DIRCLR                     1538
PORTA_DIRTGL                     1539
PORTA_OUT                        1540
PORTA_OUTSET                     1541
PORTA_OUTCLR                     1542
PORTA_OUTTGL                     1543
PORTA_IN                         1544
PORTA_INTCTRL                    1545
PORTA_INT0MASK                   1546
PORTA_INT1MASK                   1547
PORTA_INTFLAGS                   1548
PORTA_PIN0CTRL                   1552
PORTA_PIN1CTRL                   1553
PORTA_PIN2CTRL                   1554
PORTA_PIN3CTRL                   1555
PORTA_PIN4CTRL                   1556
PORTA_PIN5CTRL                   1557
PORTA_PIN6CTRL                   1558
PORTA_PIN7CTRL                   1559
DDRB                             1568
PORTB                            1572
PINB                             1576
PORTB_DIR                        1568
PORTB_DIRSET                     1569
PORTB_DIRCLR                     1570
PORTB_DIRTGL                     1571
PORTB_OUT                        1572
PORTB_OUTSET                     1573
PORTB_OUTCLR                     1574
PORTB_OUTTGL                     1575
PORTB_IN                         1576
PORTB_INTCTRL                    1577
PORTB_INT0MASK                   1578
PORTB_INT1MASK                   1579
PORTB_INTFLAGS                   1580
PORTB_PIN0CTRL                   1584
PORTB_PIN1CTRL                   1585
PORTB_PIN2CTRL                   1586
PORTB_PIN3CTRL                   1587
PORTB_PIN4CTRL                   1588
PORTB_PIN5CTRL                   1589
PORTB_PIN6CTRL                   1590
PORTB_PIN7CTRL                   1591
DDRC                             1600
PORTC                            1604
PINC                             1608
PORTC_DIR                        1600
PORTC_DIRSET                     1601
PORTC_DIRCLR                     1602
PORTC_DIRTGL                     1603
PORTC_OUT                        1604
PORTC_OUTSET                     1605
PORTC_OUTCLR                     1606
PORTC_OUTTGL                     1607
PORTC_IN                         1608
PORTC_INTCTRL                    1609
PORTC_INT0MASK                   1610
PORTC_INT1MASK                   1611
PORTC_INTFLAGS                   1612
PORTC_PIN0CTRL                   1616
PORTC_PIN1CTRL                   1617
PORTC_PIN2CTRL                   1618
PORTC_PIN3CTRL                   1619
PORTC_PIN4CTRL                   1620
PORTC_PIN5CTRL                   1621
PORTC_PIN6CTRL                   1622
PORTC_PIN7CTRL                   1623
DDRD                             1632
PORTD                            1636
PIND                             1640
PORTD_DIR                        1632
PORTD_DIRSET                     1633
PORTD_DIRCLR                     1634
PORTD_DIRTGL                     1635
PORTD_OUT                        1636
PORTD_OUTSET                     1637
PORTD_OUTCLR                     1638
PORTD_OUTTGL                     1639
PORTD_IN                         1640
PORTD_INTCTRL                    1641
PORTD_INT0MASK                   1642
PORTD_INT1MASK                   1643
PORTD_INTFLAGS                   1644
PORTD_PIN0CTRL                   1648
PORTD_PIN1CTRL                   1649
PORTD_PIN2CTRL                   1650
PORTD_PIN3CTRL                   1651
PORTD_PIN4CTRL                   1652
PORTD_PIN5CTRL                   1653
PORTD_PIN6CTRL                   1654
PORTD_PIN7CTRL                   1655
DDRE                             1664
PORTE                            1668
PINE                             1672
PORTE_DIR                        1664
PORTE_DIRSET                     1665
PORTE_DIRCLR                     1666
PORTE_DIRTGL                     1667
PORTE_OUT                        1668
PORTE_OUTSET                     1669
PORTE_OUTCLR                     1670
PORTE_OUTTGL                     1671
PORTE_IN                         1672
PORTE_INTCTRL                    1673
PORTE_INT0MASK                   1674
PORTE_INT1MASK                   1675
PORTE_INTFLAGS                   1676
PORTE_PIN0CTRL                   1680
PORTE_PIN1CTRL                   1681
PORTE_PIN2CTRL                   1682
PORTE_PIN3CTRL                   1683
PORTE_PIN4CTRL                   1684
PORTE_PIN5CTRL                   1685
PORTE_PIN6CTRL                   1686
PORTE_PIN7CTRL                   1687
DDRF                             1696
PORTF                            1700
PINF                             1704
PORTF_DIR                        1696
PORTF_DIRSET                     1697
PORTF_DIRCLR                     1698
PORTF_DIRTGL                     1699
PORTF_OUT                        1700
PORTF_OUTSET                     1701
PORTF_OUTCLR                     1702
PORTF_OUTTGL                     1703
PORTF_IN                         1704
PORTF_INTCTRL                    1705
PORTF_INT0MASK                   1706
PORTF_INT1MASK                   1707
PORTF_INTFLAGS                   1708
PORTF_PIN0CTRL                   1712
PORTF_PIN1CTRL                   1713
PORTF_PIN2CTRL                   1714
PORTF_PIN3CTRL                   1715
PORTF_PIN4CTRL                   1716
PORTF_PIN5CTRL                   1717
PORTF_PIN6CTRL                   1718
PORTF_PIN7CTRL                   1719
DDRH                             1760
PORTH                            1764
PINH                             1768
PORTH_DIR                        1760
PORTH_DIRSET                     1761
PORTH_DIRCLR                     1762
PORTH_DIRTGL                     1763
PORTH_OUT                        1764
PORTH_OUTSET                     1765
PORTH_OUTCLR                     1766
PORTH_OUTTGL                     1767
PORTH_IN                         1768
PORTH_INTCTRL                    1769
PORTH_INT0MASK                   1770
PORTH_INT1MASK                   1771
PORTH_INTFLAGS                   1772
PORTH_PIN0CTRL                   1776
PORTH_PIN1CTRL                   1777
PORTH_PIN2CTRL                   1778
PORTH_PIN3CTRL                   1779
PORTH_PIN4CTRL                   1780
PORTH_PIN5CTRL                   1781
PORTH_PIN6CTRL                   1782
PORTH_PIN7CTRL                   1783
DDRJ                             1792
PORTJ                            1796
PINJ                             1800
PORTJ_DIR                        1792
PORTJ_DIRSET                     1793
PORTJ_DIRCLR                     1794
PORTJ_DIRTGL                     1795
PORTJ_OUT                        1796
PORTJ_OUTSET                     1797
PORTJ_OUTCLR                     1798
PORTJ_OUTTGL                     1799
PORTJ_IN                         1800
PORTJ_INTCTRL                    1801
PORTJ_INT0MASK                   1802
PORTJ_INT1MASK                   1803
PORTJ_INTFLAGS                   1804
PORTJ_PIN0CTRL                   1808
PORTJ_PIN1CTRL                   1809
PORTJ_PIN2CTRL                   1810
PORTJ_PIN3CTRL                   1811
PORTJ_PIN4CTRL                   1812
PORTJ_PIN5CTRL                   1813
PORTJ_PIN6CTRL                   1814
PORTJ_PIN7CTRL                   1815
DDRK                             1824
PORTK                            1828
PINK                             1832
PORTK_DIR                        1824
PORTK_DIRSET                     1825
PORTK_DIRCLR                     1826
PORTK_DIRTGL                     1827
PORTK_OUT                        1828
PORTK_OUTSET                     1829
PORTK_OUTCLR                     1830
PORTK_OUTTGL                     1831
PORTK_IN                         1832
PORTK_INTCTRL                    1833
PORTK_INT0MASK                   1834
PORTK_INT1MASK                   1835
PORTK_INTFLAGS                   1836
PORTK_PIN0CTRL                   1840
PORTK_PIN1CTRL                   1841
PORTK_PIN2CTRL                   1842
PORTK_PIN3CTRL                   1843
PORTK_PIN4CTRL                   1844
PORTK_PIN5CTRL                   1845
PORTK_PIN6CTRL                   1846
PORTK_PIN7CTRL                   1847
DDRQ                             1984
PORTQ                            1988
PINQ                             1992
PORTQ_DIR                        1984
PORTQ_DIRSET                     1985
PORTQ_DIRCLR                     1986
PORTQ_DIRTGL                     1987
PORTQ_OUT                        1988
PORTQ_OUTSET                     1989
PORTQ_OUTCLR                     1990
PORTQ_OUTTGL                     1991
PORTQ_IN                         1992
PORTQ_INTCTRL                    1993
PORTQ_INT0MASK                   1994
PORTQ_INT1MASK                   1995
PORTQ_INTFLAGS                   1996
PORTQ_PIN0CTRL                   2000
PORTQ_PIN1CTRL                   2001
PORTQ_PIN2CTRL                   2002
PORTQ_PIN3CTRL                   2003
PORTQ_PIN4CTRL                   2004
PORTQ_PIN5CTRL                   2005
PORTQ_PIN6CTRL                   2006
PORTQ_PIN7CTRL                   2007
DDRR                             2016
PORTR                            2020
PINR                             2024
PORTR_DIR                        2016
PORTR_DIRSET                     2017
PORTR_DIRCLR                     2018
PORTR_DIRTGL                     2019
PORTR_OUT                        2020
PORTR_OUTSET                     2021
PORTR_OUTCLR                     2022
PORTR_OUTTGL                     2023
PORTR_IN                         2024
PORTR_INTCTRL                    2025
PORTR_INT0MASK                   2026
PORTR_INT1MASK                   2027
PORTR_INTFLAGS                   2028
PORTR_PIN0CTRL                   2032
PORTR_PIN1CTRL                   2033
PORTR_PIN2CTRL                   2034
PORTR_PIN3CTRL                   2035
PORTR_PIN4CTRL                   2036
PORTR_PIN5CTRL                   2037
PORTR_PIN6CTRL                   2038
PORTR_PIN7CTRL                   2039
TCC0_CTRLA                       2048
TCC0_CTRLB                       2049
TCC0_CTRLC                       2050
TCC0_CTRLD                       2051
TCC0_CTRLE                       2052
TCC0_INTCTRLA                    2054
TCC0_INTCTRLB                    2055
TCC0_CTRLFCLR                    2056
TCC0_CTRLFSET                    2057
TCC0_CTRLGCLR                    2058
TCC0_CTRLGSET                    2059
TCC0_INTFLAGS                    2060
TCC0_TEMP                        2063
TCC1_CTRLA                       2112
TCC1_CTRLB                       2113
TCC1_CTRLC                       2114
TCC1_CTRLD                       2115
TCC1_CTRLE                       2116
TCC1_INTCTRLA                    2118
TCC1_INTCTRLB                    2119
TCC1_CTRLFCLR                    2120
TCC1_CTRLFSET                    2121
TCC1_CTRLGCLR                    2122
TCC1_CTRLGSET                    2123
TCC1_INTFLAGS                    2124
TCC1_TEMP                        2127
AWEXC_CTRL                       2176
AWEXC_FDEVMASK                   2178
AWEXC_FDCTRL                     2179
AWEXC_STATUS                     2180
AWEXC_DTBOTH                     2182
AWEXC_DTBOTHBUF                  2183
AWEXC_DTLS                       2184
AWEXC_DTHS                       2185
AWEXC_DTLSBUF                    2186
AWEXC_DTHSBUF                    2187
AWEXC_OUTOVEN                    2188
HIRESC_CTRL                      2192
USARTC0_DATA                     2208
USARTC0_STATUS                   2209
USARTC0_CTRLA                    2211
USARTC0_CTRLB                    2212
USARTC0_CTRLC                    2213
USARTC0_BAUDCTRLA                2214
USARTC0_BAUDCTRLB                2215
UDR                              2208
USR                              2209
USR                              2209
USARTC1_DATA                     2224
USARTC1_STATUS                   2225
USARTC1_CTRLA                    2227
USARTC1_CTRLB                    2228
USARTC1_CTRLC                    2229
USARTC1_BAUDCTRLA                2230
USARTC1_BAUDCTRLB                2231
UDR1                             2224
USR1                             2225
SPIC_CTRL                        2240
SPIC_INTCTRL                     2241
SPIC_STATUS                      2242
SPIC_DATA                        2243
TCD0_CTRLA                       2304
TCD0_CTRLB                       2305
TCD0_CTRLC                       2306
TCD0_CTRLD                       2307
TCD0_CTRLE                       2308
TCD0_INTCTRLA                    2310
TCD0_INTCTRLB                    2311
TCD0_CTRLFCLR                    2312
TCD0_CTRLFSET                    2313
TCD0_CTRLGCLR                    2314
TCD0_CTRLGSET                    2315
TCD0_INTFLAGS                    2316
TCD0_TEMP                        2319
TCD1_CTRLA                       2368
TCD1_CTRLB                       2369
TCD1_CTRLC                       2370
TCD1_CTRLD                       2371
TCD1_CTRLE                       2372
TCD1_INTCTRLA                    2374
TCD1_INTCTRLB                    2375
TCD1_CTRLFCLR                    2376
TCD1_CTRLFSET                    2377
TCD1_CTRLGCLR                    2378
TCD1_CTRLGSET                    2379
TCD1_INTFLAGS                    2380
TCD1_TEMP                        2383
HIRESD_CTRL                      2448
USARTD0_DATA                     2464
USARTD0_STATUS                   2465
USARTD0_CTRLA                    2467
USARTD0_CTRLB                    2468
USARTD0_CTRLC                    2469
USARTD0_BAUDCTRLA                2470
USARTD0_BAUDCTRLB                2471
UDR2                             2464
USR2                             2465
USARTD1_DATA                     2480
USARTD1_STATUS                   2481
USARTD1_CTRLA                    2483
USARTD1_CTRLB                    2484
USARTD1_CTRLC                    2485
USARTD1_BAUDCTRLA                2486
USARTD1_BAUDCTRLB                2487
UDR3                             2480
USR3                             2481
SPID_CTRL                        2496
SPID_INTCTRL                     2497
SPID_STATUS                      2498
SPID_DATA                        2499
TCE0_CTRLA                       2560
TCE0_CTRLB                       2561
TCE0_CTRLC                       2562
TCE0_CTRLD                       2563
TCE0_CTRLE                       2564
TCE0_INTCTRLA                    2566
TCE0_INTCTRLB                    2567
TCE0_CTRLFCLR                    2568
TCE0_CTRLFSET                    2569
TCE0_CTRLGCLR                    2570
TCE0_CTRLGSET                    2571
TCE0_INTFLAGS                    2572
TCE0_TEMP                        2575
TCE1_CTRLA                       2624
TCE1_CTRLB                       2625
TCE1_CTRLC                       2626
TCE1_CTRLD                       2627
TCE1_CTRLE                       2628
TCE1_INTCTRLA                    2630
TCE1_INTCTRLB                    2631
TCE1_CTRLFCLR                    2632
TCE1_CTRLFSET                    2633
TCE1_CTRLGCLR                    2634
TCE1_CTRLGSET                    2635
TCE1_INTFLAGS                    2636
TCE1_TEMP                        2639
AWEXE_CTRL                       2688
AWEXE_FDEVMASK                   2690
AWEXE_FDCTRL                     2691
AWEXE_STATUS                     2692
AWEXE_DTBOTH                     2694
AWEXE_DTBOTHBUF                  2695
AWEXE_DTLS                       2696
AWEXE_DTHS                       2697
AWEXE_DTLSBUF                    2698
AWEXE_DTHSBUF                    2699
AWEXE_OUTOVEN                    2700
HIRESE_CTRL                      2704
USARTE0_DATA                     2720
USARTE0_STATUS                   2721
USARTE0_CTRLA                    2723
USARTE0_CTRLB                    2724
USARTE0_CTRLC                    2725
USARTE0_BAUDCTRLA                2726
USARTE0_BAUDCTRLB                2727
USARTE1_DATA                     2736
USARTE1_STATUS                   2737
USARTE1_CTRLA                    2739
USARTE1_CTRLB                    2740
USARTE1_CTRLC                    2741
USARTE1_BAUDCTRLA                2742
USARTE1_BAUDCTRLB                2743
SPIE_CTRL                        2752
SPIE_INTCTRL                     2753
SPIE_STATUS                      2754
SPIE_DATA                        2755
TCF0_CTRLA                       2816
TCF0_CTRLB                       2817
TCF0_CTRLC                       2818
TCF0_CTRLD                       2819
TCF0_CTRLE                       2820
TCF0_INTCTRLA                    2822
TCF0_INTCTRLB                    2823
TCF0_CTRLFCLR                    2824
TCF0_CTRLFSET                    2825
TCF0_CTRLGCLR                    2826
TCF0_CTRLGSET                    2827
TCF0_INTFLAGS                    2828
TCF0_TEMP                        2831
TCF1_CTRLA                       2880
TCF1_CTRLB                       2881
TCF1_CTRLC                       2882
TCF1_CTRLD                       2883
TCF1_CTRLE                       2884
TCF1_INTCTRLA                    2886
TCF1_INTCTRLB                    2887
TCF1_CTRLFCLR                    2888
TCF1_CTRLFSET                    2889
TCF1_CTRLGCLR                    2890
TCF1_CTRLGSET                    2891
TCF1_INTFLAGS                    2892
TCF1_TEMP                        2895
HIRESF_CTRL                      2960
USARTF0_DATA                     2976
USARTF0_STATUS                   2977
USARTF0_CTRLA                    2979
USARTF0_CTRLB                    2980
USARTF0_CTRLC                    2981
USARTF0_BAUDCTRLA                2982
USARTF0_BAUDCTRLB                2983
USARTF1_DATA                     2992
USARTF1_STATUS                   2993
USARTF1_CTRLA                    2995
USARTF1_CTRLB                    2996
USARTF1_CTRLC                    2997
USARTF1_BAUDCTRLA                2998
USARTF1_BAUDCTRLB                2999
SPIF_CTRL                        3008
SPIF_INTCTRL                     3009
SPIF_STATUS                      3010
SPIF_DATA                        3011
IRCOM_CTRL                       2296
IRCOM_TXPLCTRL                   2297
IRCOM_RXPLCTRL                   2298
AES_CTRL                         192
AES_STATUS                       193
AES_STATE                        194
AES_KEY                          195
AES_INTCTRL                      196
SE                               0
SMODE0                           1
SMODE1                           2
SMODE2                           3
_DATE_FORMAT                     0
_DATE_SEPARATOR                  92
_GSTRBUF                         11808
_DECIMALPOINT                    46
_RTSCTS                          0
_RTSCTS1                         0
_RTSCTS3                         0
_RTSCTS4                         0
_CHIP                            203
_RAMSIZE                         4096
_ERAMSIZE                        1024
_SIM                             0
_HUGE                            0
_BASE                            1
_XTAL                            32000000
_BUILD                           20750
_COMPILER                        90
_HWMUL                           1
_ROMSIZE                         36864
_DOSFILEWRITE                    0
_DOSDIRWRITE                     0
_1WEXT                           0
_ADC_REFMODEL                    0
_UARTS                           5
_HWSTACKSTART                    12287
_TIMEOUT                         0
_PRDWORD                         0
_PBIN_EXTENDED                   0
_HWSTACK_LOW                      12127
_SWSTACK_LOW                      11968
_FRAME_HIGH                       11968
_XMEGA                           1
_LCDDB4                          1604
_LCDDB4_PIN                      2
_LCDDB4DIR                       1600
_LCDDB5                          1604
_LCDDB5_PIN                      3
_LCDDB5DIR                       1600
_LCDDB6                          1604
_LCDDB6_PIN                      4
_LCDDB6DIR                       1600
_LCDDB7                          1604
_LCDDB7_PIN                      5
_LCDDB7DIR                       1600
_LCDDBE                          1572
_LCDDBE_PIN                      2
_LCDDBEDIR                       1568
_LCDDBRS                         1572
_LCDDBRS_PIN                     3
_LCDDBRSDIR                      1568
CRLF                             "
"
READ_ROM                          51
MATCH_ROM                         85
SKIP_ROM                          204
CONVERTT                          68
READ_RAM                          190
WRITE_RAM                         78
COPY_RAM                          72
RECALL_EE                         184
READ_POWER                        180


--------------------------------------------------------------------------------
Warnings:
--------------------------------------------------------------------------------
DACA0                            not used
DACA1                            not used
DACB0                            not used
DACB1                            not used
ADCA_CALIB                       not used
ADCA_CH0RES                      not used
ADCA_CH1RES                      not used
ADCA_CH2RES                      not used
ADCA_CH3RES                      not used
ADCA_CMP                         not used
ADCA_CH0_RES                     not used
ADCA_CH1_RES                     not used
ADCA_CH2_RES                     not used
ADCA_CH3_RES                     not used
ADCB_CALIB                       not used
ADCB_CH0RES                      not used
ADCB_CH1RES                      not used
ADCB_CH2RES                      not used
ADCB_CH3RES                      not used
ADCB_CMP                         not used
ADCB_CH0_RES                     not used
ADCB_CH1_RES                     not used
ADCB_CH2_RES                     not used
ADCB_CH3_RES                     not used
TCC0_CNT                         not used
TCC0_PERBUF                      not used
TCC0_CCABUF                      not used
TCC0_CCBBUF                      not used
TCC0_CCCBUF                      not used
TCC0_CCDBUF                      not used
TCC1_CCA                         not used
TCC1_CCB                         not used
TCC1_PERBUF                      not used
TCC1_CCABUF                      not used
TCC1_CCBBUF                      not used
TCD0_CNT                         not used
TCD0_CCA                         not used
TCD0_CCB                         not used
TCD0_CCC                         not used
TCD0_CCD                         not used
TCD0_PERBUF                      not used
TCD1_CNT                         not used
TCD1_PER                         not used
TCD1_CCA                         not used
TCD1_CCB                         not used
TCD1_PERBUF                      not used
TCD1_CCABUF                      not used
TCD1_CCBBUF                      not used
TCE0_CNT                         not used
TCE0_CCA                         not used
TCE0_CCB                         not used
TCE0_CCC                         not used
TCE0_CCD                         not used
TCE0_PERBUF                      not used
TCE1_CNT                         not used
TCE1_PER                         not used
TCE1_CCA                         not used
TCE1_CCB                         not used
TCE1_PERBUF                      not used
TCE1_CCABUF                      not used
TCE1_CCBBUF                      not used
TCF0_CNT                         not used
TCF0_PER                         not used
TCF0_CCA                         not used
TCF0_CCB                         not used
TCF0_CCC                         not used
TCF0_CCD                         not used
TCF0_PERBUF                      not used
TCF0_CCABUF                      not used
TCF0_CCBBUF                      not used
TCF0_CCCBUF                      not used
TCF0_CCDBUF                      not used
TCF1_CNT                         not used
TCF1_PER                         not used
TCF1_CCA                         not used
TCF1_CCB                         not used
TCF1_PERBUF                      not used
TCF1_CCABUF                      not used
TCF1_CCBBUF                      not used
SP                               not used
RTC_CNT                          not used
RTC_PER                          not used
RTC_COMP                         not used
DMA_CH0_TRFCNT                   not used
DMA_CH1_TRFCNT                   not used
DMA_CH2_TRFCNT                   not used
DMA_CH3_TRFCNT                   not used
DMA_CH0_SRCADDR                  not used
DMA_CH0_DESTADDR                 not used
DMA_CH1_SRCADDR                  not used
DMA_CH1_DESTADDR                 not used
DMA_CH2_SRCADDR                  not used
DMA_CH2_DESTADDR                 not used
DMA_CH3_SRCADDR                  not used
DMA_CH3_DESTADDR                 not used
ZEILEN_CTR                       not used
TEMP_INTERRUPT                   not used
CV_DFM_ALT                       not used
CV_FAN1_ALT                      not used
CV_FAN2_ALT                      not used
CV_FAN3_ALT                      not used
TASTER_LINKS_CTR                 not used
TASTER_RECHTS_CTR                not used

Source string could be too big to fit into target string [DATENWORT(15)>CPU_AUSL  in line  1540 
Source string could be too big to fit into target string [DATENWORT(16)>GPU_AUSL  in line  1541 
Source string could be too big to fit into target string [DATENWORT(17)>RAM_AUSL  in line  1542 
Using Y pointer, make sure to save/restore  in line  3038 

Eeprom binary image map
--------------------------------------------------------------------------------
Variable                               Value(dec)
--------------------------------------------------------------------------------
TE_E                                    160
SHOW_E                                  255
SHOW_DFM_E                              1
ANALOG_MIN_E                            100
ANALOG_ANLAUF_E                         20
ANALOG_ANLAUF_SCHWELLE_E                20
ANALOG_MAN_E                            120
MIN_A_T_E                               250
MAX_A_T_E                               255
F1_MIN_E                                100
F1_ANLAUF_E                             4
F1_ANLAUF_SCHWELLE_E                    20
MANUELL1_E                              255
MIN1_T_E                                250
MAX1_T_E                                255
F2_MIN_E                                100
F2_ANLAUF_E                             4
F2_ANLAUF_SCHWELLE_E                    20
MANUELL2_E                              255
MIN2_T_E                                250
MAX2_T_E                                255
F3_MIN_E                                100
F3_ANLAUF_E                             4
F3_ANLAUF_SCHWELLE_E                    20
MANUELL3_E                              255
MIN3_T_E                                250
MAX3_T_E                                255
F_AUS_AUTO_E                            0
LCD_CONTRAST_E                          15
LED_BACK_E                              200
NAME_T_E                               T
DFM_IMP_E                               1200
LED_STATUS_E                            2
LED_E                                   255
ALARM_SETUP_E                           0
DURCHFLUSS_ALARM_E                      20
